[0m17:06:10.141407 [debug] [MainThread]: Sending event: {'category': 'dbt', 'action': 'invocation', 'label': 'start', 'context': [<snowplow_tracker.self_describing_json.SelfDescribingJson object at 0x7f276cb22780>, <snowplow_tracker.self_describing_json.SelfDescribingJson object at 0x7f276e9a3bc0>, <snowplow_tracker.self_describing_json.SelfDescribingJson object at 0x7f276cb719d0>]}


============================== 17:06:10.144349 | ca9a1ea1-b717-4191-baa9-562146be1c67 ==============================
[0m17:06:10.144349 [info ] [MainThread]: Running with dbt=1.9.4
[0m17:06:10.144967 [debug] [MainThread]: running dbt with arguments {'printer_width': '80', 'indirect_selection': 'eager', 'log_cache_events': 'False', 'write_json': 'True', 'partial_parse': 'True', 'cache_selected_only': 'False', 'warn_error': 'None', 'fail_fast': 'False', 'debug': 'False', 'log_path': 'logs', 'version_check': 'True', 'profiles_dir': '/home/philip/.dbt', 'use_colors': 'True', 'use_experimental_parser': 'False', 'empty': 'None', 'quiet': 'False', 'no_print': 'None', 'warn_error_options': 'WarnErrorOptions(include=[], exclude=[])', 'introspect': 'True', 'static_parser': 'True', 'invocation_command': 'dbt init ae_project', 'target_path': 'None', 'log_format': 'default', 'send_anonymous_usage_stats': 'True'}
[0m17:06:10.156654 [warn ] [MainThread]: [ConfigFolderDirectory]: Unable to parse logging event dictionary. Failed to parse dir field: expected string or bytes-like object, got 'PosixPath'.. Dictionary: {'dir': PosixPath('/home/philip/.dbt')}
[0m17:06:10.157163 [info ] [MainThread]: Creating dbt configuration folder at 
[0m17:06:10.158564 [debug] [MainThread]: Starter project path: /home/philip/dbt_projects/Analytic_engineering_udemy/venv/lib/python3.12/site-packages/dbt/include/starter_project
[0m17:06:10.163102 [info ] [MainThread]: 
Your new dbt project "ae_project" was created!

For more information on how to configure the profiles.yml file,
please consult the dbt documentation here:

  https://docs.getdbt.com/docs/configure-your-profile

One more thing:

Need help? Don't hesitate to reach out to us via GitHub issues or on Slack:

  https://community.getdbt.com/

Happy modeling!

[0m17:06:10.164217 [info ] [MainThread]: Setting up your profile.
[0m17:14:46.449987 [info ] [MainThread]: Profile ae_project written to /home/philip/.dbt/profiles.yml using target's profile_template.yml and your supplied values. Run 'dbt debug' to validate the connection.
[0m17:14:46.462567 [debug] [MainThread]: Resource report: {"command_name": "init", "command_success": true, "command_wall_clock_time": 516.367, "process_in_blocks": "40", "process_kernel_time": 0.080881, "process_mem_max_rss": "99836", "process_out_blocks": "80", "process_user_time": 1.369396}
[0m17:14:46.463465 [debug] [MainThread]: Command `dbt init` succeeded at 17:14:46.463236 after 516.37 seconds
[0m17:14:46.464111 [debug] [MainThread]: Sending event: {'category': 'dbt', 'action': 'invocation', 'label': 'end', 'context': [<snowplow_tracker.self_describing_json.SelfDescribingJson object at 0x7f276c77fc20>, <snowplow_tracker.self_describing_json.SelfDescribingJson object at 0x7f276e319df0>, <snowplow_tracker.self_describing_json.SelfDescribingJson object at 0x7f276c16bb90>]}
[0m17:14:46.465120 [debug] [MainThread]: Flushing usage events
[0m17:14:48.271242 [debug] [MainThread]: An error was encountered while trying to flush usage events
[0m17:19:58.910577 [debug] [MainThread]: Sending event: {'category': 'dbt', 'action': 'invocation', 'label': 'start', 'context': [<snowplow_tracker.self_describing_json.SelfDescribingJson object at 0x7f376adc9010>, <snowplow_tracker.self_describing_json.SelfDescribingJson object at 0x7f3769abe450>, <snowplow_tracker.self_describing_json.SelfDescribingJson object at 0x7f376adc8140>]}


============================== 17:19:58.914063 | 604b6ca9-c407-48ff-8b77-f295c20af7ea ==============================
[0m17:19:58.914063 [info ] [MainThread]: Running with dbt=1.9.4
[0m17:19:58.914836 [debug] [MainThread]: running dbt with arguments {'printer_width': '80', 'indirect_selection': 'eager', 'log_cache_events': 'False', 'write_json': 'True', 'partial_parse': 'True', 'cache_selected_only': 'False', 'warn_error': 'None', 'fail_fast': 'False', 'profiles_dir': '/home/philip/.dbt', 'log_path': 'logs', 'debug': 'False', 'version_check': 'True', 'use_colors': 'True', 'use_experimental_parser': 'False', 'empty': 'None', 'quiet': 'False', 'no_print': 'None', 'log_format': 'default', 'invocation_command': 'dbt debug', 'introspect': 'True', 'warn_error_options': 'WarnErrorOptions(include=[], exclude=[])', 'target_path': 'None', 'static_parser': 'True', 'send_anonymous_usage_stats': 'True'}
[0m17:19:58.929149 [info ] [MainThread]: dbt version: 1.9.4
[0m17:19:58.930023 [info ] [MainThread]: python version: 3.12.3
[0m17:19:58.931395 [info ] [MainThread]: python path: /home/philip/dbt_projects/Analytic_engineering_udemy/venv/bin/python
[0m17:19:58.933073 [info ] [MainThread]: os info: Linux-5.10.16.3-microsoft-standard-WSL2-x86_64-with-glibc2.39
[0m17:19:59.000812 [info ] [MainThread]: Using profiles dir at /home/philip/.dbt
[0m17:19:59.001601 [info ] [MainThread]: Using profiles.yml file at /home/philip/.dbt/profiles.yml
[0m17:19:59.002257 [info ] [MainThread]: Using dbt_project.yml file at /home/philip/dbt_projects/Analytic_engineering_udemy/dbt_project.yml
[0m17:19:59.003099 [info ] [MainThread]: adapter type: postgres
[0m17:19:59.003735 [info ] [MainThread]: adapter version: 1.9.0
[0m17:19:59.004305 [info ] [MainThread]: Configuration:
[0m17:19:59.004876 [info ] [MainThread]:   profiles.yml file [[32mOK found and valid[0m]
[0m17:19:59.005575 [info ] [MainThread]:   dbt_project.yml file [[31mERROR not found[0m]
[0m17:19:59.006188 [info ] [MainThread]: Required dependencies:
[0m17:19:59.006869 [debug] [MainThread]: Executing "git --help"
[0m17:19:59.009525 [debug] [MainThread]: STDOUT: "b"usage: git [-v | --version] [-h | --help] [-C <path>] [-c <name>=<value>]\n           [--exec-path[=<path>]] [--html-path] [--man-path] [--info-path]\n           [-p | --paginate | -P | --no-pager] [--no-replace-objects] [--bare]\n           [--git-dir=<path>] [--work-tree=<path>] [--namespace=<name>]\n           [--config-env=<name>=<envvar>] <command> [<args>]\n\nThese are common Git commands used in various situations:\n\nstart a working area (see also: git help tutorial)\n   clone     Clone a repository into a new directory\n   init      Create an empty Git repository or reinitialize an existing one\n\nwork on the current change (see also: git help everyday)\n   add       Add file contents to the index\n   mv        Move or rename a file, a directory, or a symlink\n   restore   Restore working tree files\n   rm        Remove files from the working tree and from the index\n\nexamine the history and state (see also: git help revisions)\n   bisect    Use binary search to find the commit that introduced a bug\n   diff      Show changes between commits, commit and working tree, etc\n   grep      Print lines matching a pattern\n   log       Show commit logs\n   show      Show various types of objects\n   status    Show the working tree status\n\ngrow, mark and tweak your common history\n   branch    List, create, or delete branches\n   commit    Record changes to the repository\n   merge     Join two or more development histories together\n   rebase    Reapply commits on top of another base tip\n   reset     Reset current HEAD to the specified state\n   switch    Switch branches\n   tag       Create, list, delete or verify a tag object signed with GPG\n\ncollaborate (see also: git help workflows)\n   fetch     Download objects and refs from another repository\n   pull      Fetch from and integrate with another repository or a local branch\n   push      Update remote refs along with associated objects\n\n'git help -a' and 'git help -g' list available subcommands and some\nconcept guides. See 'git help <command>' or 'git help <concept>'\nto read about a specific subcommand or concept.\nSee 'git help git' for an overview of the system.\n""
[0m17:19:59.010725 [debug] [MainThread]: STDERR: "b''"
[0m17:19:59.011478 [info ] [MainThread]:  - git [[32mOK found[0m]

[0m17:19:59.012076 [info ] [MainThread]: Connection:
[0m17:19:59.012708 [info ] [MainThread]:   host: localhost
[0m17:19:59.013270 [info ] [MainThread]:   port: 5432
[0m17:19:59.013732 [info ] [MainThread]:   user: postgres
[0m17:19:59.014312 [info ] [MainThread]:   database: dbt_obj
[0m17:19:59.015333 [info ] [MainThread]:   schema: public
[0m17:19:59.015975 [info ] [MainThread]:   connect_timeout: 10
[0m17:19:59.016459 [info ] [MainThread]:   role: None
[0m17:19:59.016943 [info ] [MainThread]:   search_path: None
[0m17:19:59.017434 [info ] [MainThread]:   keepalives_idle: 0
[0m17:19:59.017919 [info ] [MainThread]:   sslmode: None
[0m17:19:59.018376 [info ] [MainThread]:   sslcert: None
[0m17:19:59.018872 [info ] [MainThread]:   sslkey: None
[0m17:19:59.019434 [info ] [MainThread]:   sslrootcert: None
[0m17:19:59.020033 [info ] [MainThread]:   application_name: dbt
[0m17:19:59.020536 [info ] [MainThread]:   retries: 1
[0m17:19:59.021287 [info ] [MainThread]: Registered adapter: postgres=1.9.0
[0m17:19:59.107660 [debug] [MainThread]: Acquiring new postgres connection 'debug'
[0m17:19:59.132173 [debug] [MainThread]: Using postgres connection "debug"
[0m17:19:59.132723 [debug] [MainThread]: On debug: select 1 as id
[0m17:19:59.133232 [debug] [MainThread]: Opening a new connection, currently in state init
[0m17:19:59.149176 [debug] [MainThread]: SQL status: SELECT 1 in 0.016 seconds
[0m17:19:59.150921 [debug] [MainThread]: On debug: Close
[0m17:19:59.151995 [info ] [MainThread]:   Connection test: [[32mOK connection ok[0m]

[0m17:19:59.152890 [info ] [MainThread]: [31m1 check failed:[0m
[0m17:19:59.153516 [info ] [MainThread]: Project loading failed for the following reason:
 project path </home/philip/dbt_projects/Analytic_engineering_udemy/dbt_project.yml> not found

[0m17:19:59.154891 [debug] [MainThread]: Resource report: {"command_name": "debug", "command_success": false, "command_wall_clock_time": 0.3007394, "process_in_blocks": "72", "process_kernel_time": 0.059757, "process_mem_max_rss": "107648", "process_out_blocks": "32", "process_user_time": 1.72102}
[0m17:19:59.155659 [debug] [MainThread]: Command `dbt debug` failed at 17:19:59.155473 after 0.30 seconds
[0m17:19:59.156315 [debug] [MainThread]: Connection 'debug' was properly closed.
[0m17:19:59.156795 [debug] [MainThread]: Sending event: {'category': 'dbt', 'action': 'invocation', 'label': 'end', 'context': [<snowplow_tracker.self_describing_json.SelfDescribingJson object at 0x7f376bad1250>, <snowplow_tracker.self_describing_json.SelfDescribingJson object at 0x7f376940f560>, <snowplow_tracker.self_describing_json.SelfDescribingJson object at 0x7f3769e74da0>]}
[0m17:19:59.157436 [debug] [MainThread]: Flushing usage events
[0m17:20:00.794007 [debug] [MainThread]: An error was encountered while trying to flush usage events
[0m17:37:10.094424 [debug] [MainThread]: Sending event: {'category': 'dbt', 'action': 'invocation', 'label': 'start', 'context': [<snowplow_tracker.self_describing_json.SelfDescribingJson object at 0x7f789cc3a960>, <snowplow_tracker.self_describing_json.SelfDescribingJson object at 0x7f789a9e0920>, <snowplow_tracker.self_describing_json.SelfDescribingJson object at 0x7f789cd4bce0>]}


============================== 17:37:10.098016 | ce58c529-56cc-4433-b440-51ac93627497 ==============================
[0m17:37:10.098016 [info ] [MainThread]: Running with dbt=1.9.4
[0m17:37:10.099031 [debug] [MainThread]: running dbt with arguments {'printer_width': '80', 'indirect_selection': 'eager', 'write_json': 'True', 'log_cache_events': 'False', 'partial_parse': 'True', 'cache_selected_only': 'False', 'profiles_dir': '/home/philip/.dbt', 'version_check': 'True', 'debug': 'False', 'log_path': 'logs', 'warn_error': 'None', 'fail_fast': 'False', 'use_colors': 'True', 'use_experimental_parser': 'False', 'empty': 'None', 'quiet': 'False', 'no_print': 'None', 'warn_error_options': 'WarnErrorOptions(include=[], exclude=[])', 'invocation_command': 'dbt debug', 'static_parser': 'True', 'introspect': 'True', 'target_path': 'None', 'log_format': 'default', 'send_anonymous_usage_stats': 'True'}
[0m17:37:10.112480 [info ] [MainThread]: dbt version: 1.9.4
[0m17:37:10.113096 [info ] [MainThread]: python version: 3.12.3
[0m17:37:10.113680 [info ] [MainThread]: python path: /home/philip/dbt_projects/Analytic_engineering_udemy/venv/bin/python
[0m17:37:10.114363 [info ] [MainThread]: os info: Linux-5.10.16.3-microsoft-standard-WSL2-x86_64-with-glibc2.39
[0m17:37:10.204238 [info ] [MainThread]: Using profiles dir at /home/philip/.dbt
[0m17:37:10.205423 [info ] [MainThread]: Using profiles.yml file at /home/philip/.dbt/profiles.yml
[0m17:37:10.206519 [info ] [MainThread]: Using dbt_project.yml file at /home/philip/dbt_projects/Analytic_engineering_udemy/dbt_project.yml
[0m17:37:10.207412 [info ] [MainThread]: adapter type: postgres
[0m17:37:10.208476 [info ] [MainThread]: adapter version: 1.9.0
[0m17:37:10.209724 [info ] [MainThread]: Configuration:
[0m17:37:10.210724 [info ] [MainThread]:   profiles.yml file [[32mOK found and valid[0m]
[0m17:37:10.211374 [info ] [MainThread]:   dbt_project.yml file [[31mERROR not found[0m]
[0m17:37:10.211912 [info ] [MainThread]: Required dependencies:
[0m17:37:10.212653 [debug] [MainThread]: Executing "git --help"
[0m17:37:10.215056 [debug] [MainThread]: STDOUT: "b"usage: git [-v | --version] [-h | --help] [-C <path>] [-c <name>=<value>]\n           [--exec-path[=<path>]] [--html-path] [--man-path] [--info-path]\n           [-p | --paginate | -P | --no-pager] [--no-replace-objects] [--bare]\n           [--git-dir=<path>] [--work-tree=<path>] [--namespace=<name>]\n           [--config-env=<name>=<envvar>] <command> [<args>]\n\nThese are common Git commands used in various situations:\n\nstart a working area (see also: git help tutorial)\n   clone     Clone a repository into a new directory\n   init      Create an empty Git repository or reinitialize an existing one\n\nwork on the current change (see also: git help everyday)\n   add       Add file contents to the index\n   mv        Move or rename a file, a directory, or a symlink\n   restore   Restore working tree files\n   rm        Remove files from the working tree and from the index\n\nexamine the history and state (see also: git help revisions)\n   bisect    Use binary search to find the commit that introduced a bug\n   diff      Show changes between commits, commit and working tree, etc\n   grep      Print lines matching a pattern\n   log       Show commit logs\n   show      Show various types of objects\n   status    Show the working tree status\n\ngrow, mark and tweak your common history\n   branch    List, create, or delete branches\n   commit    Record changes to the repository\n   merge     Join two or more development histories together\n   rebase    Reapply commits on top of another base tip\n   reset     Reset current HEAD to the specified state\n   switch    Switch branches\n   tag       Create, list, delete or verify a tag object signed with GPG\n\ncollaborate (see also: git help workflows)\n   fetch     Download objects and refs from another repository\n   pull      Fetch from and integrate with another repository or a local branch\n   push      Update remote refs along with associated objects\n\n'git help -a' and 'git help -g' list available subcommands and some\nconcept guides. See 'git help <command>' or 'git help <concept>'\nto read about a specific subcommand or concept.\nSee 'git help git' for an overview of the system.\n""
[0m17:37:10.215730 [debug] [MainThread]: STDERR: "b''"
[0m17:37:10.216230 [info ] [MainThread]:  - git [[32mOK found[0m]

[0m17:37:10.216922 [info ] [MainThread]: Connection:
[0m17:37:10.217641 [info ] [MainThread]:   host: localhost
[0m17:37:10.218482 [info ] [MainThread]:   port: 5432
[0m17:37:10.219198 [info ] [MainThread]:   user: postgres
[0m17:37:10.219893 [info ] [MainThread]:   database: dbt_obj
[0m17:37:10.220837 [info ] [MainThread]:   schema: public
[0m17:37:10.221512 [info ] [MainThread]:   connect_timeout: 10
[0m17:37:10.222409 [info ] [MainThread]:   role: None
[0m17:37:10.226074 [info ] [MainThread]:   search_path: None
[0m17:37:10.227917 [info ] [MainThread]:   keepalives_idle: 0
[0m17:37:10.228711 [info ] [MainThread]:   sslmode: None
[0m17:37:10.229545 [info ] [MainThread]:   sslcert: None
[0m17:37:10.230730 [info ] [MainThread]:   sslkey: None
[0m17:37:10.231683 [info ] [MainThread]:   sslrootcert: None
[0m17:37:10.232421 [info ] [MainThread]:   application_name: dbt
[0m17:37:10.233244 [info ] [MainThread]:   retries: 1
[0m17:37:10.234133 [info ] [MainThread]: Registered adapter: postgres=1.9.0
[0m17:37:10.336007 [debug] [MainThread]: Acquiring new postgres connection 'debug'
[0m17:37:10.357167 [debug] [MainThread]: Using postgres connection "debug"
[0m17:37:10.357600 [debug] [MainThread]: On debug: select 1 as id
[0m17:37:10.358073 [debug] [MainThread]: Opening a new connection, currently in state init
[0m17:37:10.372382 [debug] [MainThread]: SQL status: SELECT 1 in 0.014 seconds
[0m17:37:10.373466 [debug] [MainThread]: On debug: Close
[0m17:37:10.373999 [info ] [MainThread]:   Connection test: [[32mOK connection ok[0m]

[0m17:37:10.374558 [info ] [MainThread]: [31m1 check failed:[0m
[0m17:37:10.375102 [info ] [MainThread]: Project loading failed for the following reason:
 project path </home/philip/dbt_projects/Analytic_engineering_udemy/dbt_project.yml> not found

[0m17:37:10.376249 [debug] [MainThread]: Resource report: {"command_name": "debug", "command_success": false, "command_wall_clock_time": 0.3439578, "process_in_blocks": "0", "process_kernel_time": 0.140253, "process_mem_max_rss": "107668", "process_out_blocks": "24", "process_user_time": 1.763191}
[0m17:37:10.376809 [debug] [MainThread]: Command `dbt debug` failed at 17:37:10.376678 after 0.34 seconds
[0m17:37:10.377247 [debug] [MainThread]: Connection 'debug' was properly closed.
[0m17:37:10.377654 [debug] [MainThread]: Sending event: {'category': 'dbt', 'action': 'invocation', 'label': 'end', 'context': [<snowplow_tracker.self_describing_json.SelfDescribingJson object at 0x7f789abdcd40>, <snowplow_tracker.self_describing_json.SelfDescribingJson object at 0x7f789cd4bce0>, <snowplow_tracker.self_describing_json.SelfDescribingJson object at 0x7f789a64d520>]}
[0m17:37:10.378136 [debug] [MainThread]: Flushing usage events
[0m17:37:12.263977 [debug] [MainThread]: An error was encountered while trying to flush usage events
